<?xml version="1.0" encoding="UTF-8"?>
<coverage generated="1634297910015" clover="3.2.0">
  <project timestamp="1634297910015" name="All files">
    <metrics statements="11" coveredstatements="11" conditionals="4" coveredconditionals="4" methods="1" coveredmethods="1" elements="16" coveredelements="16" complexity="0" loc="11" ncloc="11" packages="1" files="1" classes="1"/>
    <file name="calculator.ts" path="/Users/jiguangrui/Documents/Code/github/Study-Book/Jest/utils/calculator.ts">
      <metrics statements="11" coveredstatements="11" conditionals="4" coveredconditionals="4" methods="1" coveredmethods="1"/>
      <line num="1" count="1" type="cond" truecount="1" falsecount="0"/>
      <line num="2" count="3" type="cond" truecount="1" falsecount="0"/>
      <line num="3" count="8" type="stmt"/>
      <line num="4" count="8" type="cond" truecount="1" falsecount="0"/>
      <line num="5" count="1" type="stmt"/>
      <line num="6" count="8" type="cond" truecount="1" falsecount="0"/>
      <line num="7" count="7" type="stmt"/>
      <line num="8" count="7" type="stmt"/>
      <line num="9" count="7" type="stmt"/>
      <line num="10" count="3" type="stmt"/>
      <line num="11" count="3" type="stmt"/>
    </file>
  </project>
</coverage>
