{"/Users/jiguangrui/Documents/Code/github/Study-Book/Jest/utils/calculator.ts": {"path":"/Users/jiguangrui/Documents/Code/github/Study-Book/Jest/utils/calculator.ts","all":false,"statementMap":{"0":{"start":{"line":1,"column":0},"end":{"line":1,"column":37}},"1":{"start":{"line":2,"column":0},"end":{"line":2,"column":36}},"2":{"start":{"line":3,"column":0},"end":{"line":3,"column":36}},"3":{"start":{"line":4,"column":0},"end":{"line":4,"column":29}},"4":{"start":{"line":5,"column":0},"end":{"line":5,"column":57}},"5":{"start":{"line":6,"column":0},"end":{"line":6,"column":12}},"6":{"start":{"line":7,"column":0},"end":{"line":7,"column":25}},"7":{"start":{"line":8,"column":0},"end":{"line":8,"column":5}},"8":{"start":{"line":9,"column":0},"end":{"line":9,"column":15}},"9":{"start":{"line":10,"column":0},"end":{"line":10,"column":8}},"10":{"start":{"line":11,"column":0},"end":{"line":11,"column":1}}},"s":{"0":1,"1":3,"2":8,"3":8,"4":1,"5":8,"6":7,"7":7,"8":7,"9":3,"10":3},"branchMap":{"0":{"type":"branch","line":1,"loc":{"start":{"line":1,"column":7},"end":{"line":11,"column":1}},"locations":[{"start":{"line":1,"column":7},"end":{"line":11,"column":1}}]},"1":{"type":"branch","line":2,"loc":{"start":{"line":2,"column":21},"end":{"line":10,"column":5}},"locations":[{"start":{"line":2,"column":21},"end":{"line":10,"column":5}}]},"2":{"type":"branch","line":4,"loc":{"start":{"line":4,"column":28},"end":{"line":6,"column":11}},"locations":[{"start":{"line":4,"column":28},"end":{"line":6,"column":11}}]},"3":{"type":"branch","line":6,"loc":{"start":{"line":6,"column":5},"end":{"line":10,"column":5}},"locations":[{"start":{"line":6,"column":5},"end":{"line":10,"column":5}}]}},"b":{"0":[3],"1":[8],"2":[1],"3":[7]},"fnMap":{"0":{"name":"sum","decl":{"start":{"line":1,"column":7},"end":{"line":11,"column":1}},"loc":{"start":{"line":1,"column":7},"end":{"line":11,"column":1}},"line":1}},"f":{"0":3}}
}
